<?xml version="1.0" encoding="UTF-8"?>
<testng-results ignored="0" total="1" passed="1" failed="0" skipped="0">
  <reporter-output>
  </reporter-output>
  <suite started-at="2020-05-30T18:53:31Z" name="com.cx.tests" finished-at="2020-05-30T18:54:16Z" duration-ms="45407">
    <groups>
    </groups>
    <test started-at="2020-05-30T18:53:31Z" name="Regression1" finished-at="2020-05-30T18:54:16Z" duration-ms="45407">
      <class name="com.cx.MyFirstAppium.AndroidBrowserTest">
        <test-method is-config="true" signature="setUp()[pri:0, instance:com.cx.MyFirstAppium.AndroidBrowserTest@3ee37e5a]" started-at="2020-05-30T11:53:31Z" name="setUp" finished-at="2020-05-30T11:54:11Z" duration-ms="39752" status="PASS">
          <reporter-output>
          </reporter-output>
        </test-method> <!-- setUp -->
        <test-method signature="testcase01()[pri:0, instance:com.cx.MyFirstAppium.AndroidBrowserTest@3ee37e5a]" started-at="2020-05-30T11:54:11Z" name="testcase01" finished-at="2020-05-30T11:54:15Z" duration-ms="4099" status="PASS">
          <reporter-output>
          </reporter-output>
        </test-method> <!-- testcase01 -->
        <test-method is-config="true" signature="tearDown()[pri:0, instance:com.cx.MyFirstAppium.AndroidBrowserTest@3ee37e5a]" started-at="2020-05-30T11:54:15Z" name="tearDown" finished-at="2020-05-30T11:54:16Z" duration-ms="1536" status="PASS">
          <reporter-output>
          </reporter-output>
        </test-method> <!-- tearDown -->
      </class> <!-- com.cx.MyFirstAppium.AndroidBrowserTest -->
    </test> <!-- Regression1 -->
  </suite> <!-- com.cx.tests -->
</testng-results>
