<?xml version="1.0" encoding="UTF-8"?>
<testng-results ignored="0" total="1" passed="1" failed="0" skipped="0">
  <reporter-output>
  </reporter-output>
  <suite started-at="2020-05-30T18:54:46Z" name="com.cx.tests" finished-at="2020-05-30T18:55:30Z" duration-ms="43560">
    <groups>
    </groups>
    <test started-at="2020-05-30T18:54:46Z" name="Regression1" finished-at="2020-05-30T18:55:30Z" duration-ms="43560">
      <class name="com.cx.MyFirstAppium.AndroidBrowserTest">
        <test-method is-config="true" signature="setUp()[pri:0, instance:com.cx.MyFirstAppium.AndroidBrowserTest@5e600dd5]" started-at="2020-05-30T11:54:46Z" name="setUp" finished-at="2020-05-30T11:55:24Z" duration-ms="38025" status="PASS">
          <reporter-output>
          </reporter-output>
        </test-method> <!-- setUp -->
        <test-method signature="testcase01()[pri:0, instance:com.cx.MyFirstAppium.AndroidBrowserTest@5e600dd5]" started-at="2020-05-30T11:55:24Z" name="testcase01" finished-at="2020-05-30T11:55:28Z" duration-ms="3789" status="PASS">
          <reporter-output>
          </reporter-output>
        </test-method> <!-- testcase01 -->
        <test-method is-config="true" signature="tearDown()[pri:0, instance:com.cx.MyFirstAppium.AndroidBrowserTest@5e600dd5]" started-at="2020-05-30T11:55:28Z" name="tearDown" finished-at="2020-05-30T11:55:30Z" duration-ms="1720" status="PASS">
          <reporter-output>
          </reporter-output>
        </test-method> <!-- tearDown -->
      </class> <!-- com.cx.MyFirstAppium.AndroidBrowserTest -->
    </test> <!-- Regression1 -->
  </suite> <!-- com.cx.tests -->
</testng-results>
